<?xml version="1.0" encoding="UTF-8"?>
<testng-results skipped="0" failed="1" ignored="0" total="1" passed="0">
  <reporter-output>
    <line>
      <![CDATA[Title is matching: actiTIME - Login]]>
    </line>
    <line>
      <![CDATA[user name is: admin]]>
    </line>
    <line>
      <![CDATA[password is: manager]]>
    </line>
    <line>
      <![CDATA[Title is not matching:]]>
    </line>
    <line>
      <![CDATA[Actual title is:actiTIME - Enter Time-TrackExpected title is: ]]>
    </line>
  </reporter-output>
  <suite name="Default suite" duration-ms="194306" started-at="2018-04-14T07:36:55Z" finished-at="2018-04-14T07:40:09Z">
    <groups>
    </groups>
    <test name="Default test" duration-ms="194306" started-at="2018-04-14T07:36:55Z" finished-at="2018-04-14T07:40:09Z">
      <class name="com.actitime.tests.VerifyBuildNumberTest">
        <test-method status="PASS" signature="preCondition()[pri:0, instance:com.actitime.tests.VerifyBuildNumberTest@2f943d71]" name="preCondition" is-config="true" duration-ms="120069" started-at="2018-04-14T07:36:55Z" finished-at="2018-04-14T07:38:55Z">
          <reporter-output>
          </reporter-output>
        </test-method> <!-- preCondition -->
        <test-method status="FAIL" signature="testVerifyBuildNumber()[pri:0, instance:com.actitime.tests.VerifyBuildNumberTest@2f943d71]" name="testVerifyBuildNumber" duration-ms="73175" started-at="2018-04-14T07:38:55Z" finished-at="2018-04-14T07:40:08Z">
          <exception class="org.openqa.selenium.NoSuchElementException">
            <message>
              <![CDATA[no such element: Unable to locate element: {"method":"xpath","selector":"//span[contains(text(),'41383')]"}
  (Session info: chrome=65.0.3325.181)
  (Driver info: chromedriver=2.36.540470 (e522d04694c7ebea4ba8821272dbef4f9b818c91),platform=Windows NT 6.3.9600 x86_64) (WARNING: The server did not provide any stacktrace information)
Command duration or timeout: 0 milliseconds
For documentation on this error, please visit: http://seleniumhq.org/exceptions/no_such_element.html
Build info: version: '3.11.0', revision: 'e59cfb3', time: '2018-03-11T20:33:15.31Z'
System info: host: 'TAHEER', ip: '192.168.43.214', os.name: 'Windows 8.1', os.arch: 'amd64', os.version: '6.3', java.version: '1.8.0_151'
Driver info: org.openqa.selenium.chrome.ChromeDriver
Capabilities {acceptInsecureCerts: false, acceptSslCerts: false, applicationCacheEnabled: false, browserConnectionEnabled: false, browserName: chrome, chrome: {chromedriverVersion: 2.36.540470 (e522d04694c7eb..., userDataDir: C:\Users\MOHAMM~1\AppData\L...}, cssSelectorsEnabled: true, databaseEnabled: false, handlesAlerts: true, hasTouchScreen: false, javascriptEnabled: true, locationContextEnabled: true, mobileEmulationEnabled: false, nativeEvents: true, networkConnectionEnabled: false, pageLoadStrategy: normal, platform: XP, platformName: XP, rotatable: false, setWindowRect: true, takesHeapSnapshot: true, takesScreenshot: true, unexpectedAlertBehaviour: , unhandledPromptBehavior: , version: 65.0.3325.181, webStorageEnabled: true}
Session ID: 34c576f0ec0688277fe9c055b69d865f
*** Element info: {Using=xpath, value=//span[contains(text(),'41383')]}]]>
            </message>
            <full-stacktrace>
              <![CDATA[org.openqa.selenium.NoSuchElementException: no such element: Unable to locate element: {"method":"xpath","selector":"//span[contains(text(),'41383')]"}
  (Session info: chrome=65.0.3325.181)
  (Driver info: chromedriver=2.36.540470 (e522d04694c7ebea4ba8821272dbef4f9b818c91),platform=Windows NT 6.3.9600 x86_64) (WARNING: The server did not provide any stacktrace information)
Command duration or timeout: 0 milliseconds
For documentation on this error, please visit: http://seleniumhq.org/exceptions/no_such_element.html
Build info: version: '3.11.0', revision: 'e59cfb3', time: '2018-03-11T20:33:15.31Z'
System info: host: 'TAHEER', ip: '192.168.43.214', os.name: 'Windows 8.1', os.arch: 'amd64', os.version: '6.3', java.version: '1.8.0_151'
Driver info: org.openqa.selenium.chrome.ChromeDriver
Capabilities {acceptInsecureCerts: false, acceptSslCerts: false, applicationCacheEnabled: false, browserConnectionEnabled: false, browserName: chrome, chrome: {chromedriverVersion: 2.36.540470 (e522d04694c7eb..., userDataDir: C:\Users\MOHAMM~1\AppData\L...}, cssSelectorsEnabled: true, databaseEnabled: false, handlesAlerts: true, hasTouchScreen: false, javascriptEnabled: true, locationContextEnabled: true, mobileEmulationEnabled: false, nativeEvents: true, networkConnectionEnabled: false, pageLoadStrategy: normal, platform: XP, platformName: XP, rotatable: false, setWindowRect: true, takesHeapSnapshot: true, takesScreenshot: true, unexpectedAlertBehaviour: , unhandledPromptBehavior: , version: 65.0.3325.181, webStorageEnabled: true}
Session ID: 34c576f0ec0688277fe9c055b69d865f
*** Element info: {Using=xpath, value=//span[contains(text(),'41383')]}
at sun.reflect.NativeConstructorAccessorImpl.newInstance0(Native Method)
at sun.reflect.NativeConstructorAccessorImpl.newInstance(NativeConstructorAccessorImpl.java:62)
at sun.reflect.DelegatingConstructorAccessorImpl.newInstance(DelegatingConstructorAccessorImpl.java:45)
at java.lang.reflect.Constructor.newInstance(Constructor.java:423)
at org.openqa.selenium.remote.ErrorHandler.createThrowable(ErrorHandler.java:214)
at org.openqa.selenium.remote.ErrorHandler.throwIfResponseFailed(ErrorHandler.java:166)
at org.openqa.selenium.remote.http.JsonHttpResponseCodec.reconstructValue(JsonHttpResponseCodec.java:40)
at org.openqa.selenium.remote.http.AbstractHttpResponseCodec.decode(AbstractHttpResponseCodec.java:80)
at org.openqa.selenium.remote.http.AbstractHttpResponseCodec.decode(AbstractHttpResponseCodec.java:44)
at org.openqa.selenium.remote.HttpCommandExecutor.execute(HttpCommandExecutor.java:158)
at org.openqa.selenium.remote.service.DriverCommandExecutor.execute(DriverCommandExecutor.java:83)
at org.openqa.selenium.remote.RemoteWebDriver.execute(RemoteWebDriver.java:545)
at org.openqa.selenium.remote.RemoteWebDriver.findElement(RemoteWebDriver.java:319)
at org.openqa.selenium.remote.RemoteWebDriver.findElementByXPath(RemoteWebDriver.java:421)
at org.openqa.selenium.By$ByXPath.findElement(By.java:361)
at org.openqa.selenium.remote.RemoteWebDriver.findElement(RemoteWebDriver.java:311)
at com.actitime.generic.GenericUtils.handleHiddenDivisionPopup(GenericUtils.java:134)
at com.actitime.pages.EnterTimeTrackPage.handlePop(EnterTimeTrackPage.java:62)
at com.actitime.tests.VerifyBuildNumberTest.testVerifyBuildNumber(VerifyBuildNumberTest.java:54)
at sun.reflect.NativeMethodAccessorImpl.invoke0(Native Method)
at sun.reflect.NativeMethodAccessorImpl.invoke(NativeMethodAccessorImpl.java:62)
at sun.reflect.DelegatingMethodAccessorImpl.invoke(DelegatingMethodAccessorImpl.java:43)
at java.lang.reflect.Method.invoke(Method.java:498)
at org.testng.internal.MethodInvocationHelper.invokeMethod(MethodInvocationHelper.java:124)
at org.testng.internal.Invoker.invokeMethod(Invoker.java:580)
at org.testng.internal.Invoker.invokeTestMethod(Invoker.java:716)
at org.testng.internal.Invoker.invokeTestMethods(Invoker.java:988)
at org.testng.internal.TestMethodWorker.invokeTestMethods(TestMethodWorker.java:125)
at org.testng.internal.TestMethodWorker.run(TestMethodWorker.java:109)
at org.testng.TestRunner.privateRun(TestRunner.java:648)
at org.testng.TestRunner.run(TestRunner.java:505)
at org.testng.SuiteRunner.runTest(SuiteRunner.java:455)
at org.testng.SuiteRunner.runSequentially(SuiteRunner.java:450)
at org.testng.SuiteRunner.privateRun(SuiteRunner.java:415)
at org.testng.SuiteRunner.run(SuiteRunner.java:364)
at org.testng.SuiteRunnerWorker.runSuite(SuiteRunnerWorker.java:52)
at org.testng.SuiteRunnerWorker.run(SuiteRunnerWorker.java:84)
at org.testng.TestNG.runSuitesSequentially(TestNG.java:1208)
at org.testng.TestNG.runSuitesLocally(TestNG.java:1137)
at org.testng.TestNG.runSuites(TestNG.java:1049)
at org.testng.TestNG.run(TestNG.java:1017)
at org.testng.remote.AbstractRemoteTestNG.run(AbstractRemoteTestNG.java:114)
at org.testng.remote.RemoteTestNG.initAndRun(RemoteTestNG.java:251)
at org.testng.remote.RemoteTestNG.main(RemoteTestNG.java:77)
]]>
            </full-stacktrace>
          </exception> <!-- org.openqa.selenium.NoSuchElementException -->
          <reporter-output>
            <line>
              <![CDATA[Title is matching: actiTIME - Login]]>
            </line>
            <line>
              <![CDATA[user name is: admin]]>
            </line>
            <line>
              <![CDATA[password is: manager]]>
            </line>
            <line>
              <![CDATA[Title is not matching:]]>
            </line>
            <line>
              <![CDATA[Actual title is:actiTIME - Enter Time-TrackExpected title is: ]]>
            </line>
          </reporter-output>
        </test-method> <!-- testVerifyBuildNumber -->
        <test-method status="PASS" signature="postCondtion(org.testng.ITestResult)[pri:0, instance:com.actitime.tests.VerifyBuildNumberTest@2f943d71]" name="postCondtion" is-config="true" duration-ms="967" started-at="2018-04-14T07:40:09Z" finished-at="2018-04-14T07:40:09Z">
          <params>
            <param index="0">
              <value>
                <![CDATA[[TestResult name=testVerifyBuildNumber status=FAILURE method=VerifyBuildNumberTest.testVerifyBuildNumber()[pri:0, instance:com.actitime.tests.VerifyBuildNumberTest@2f943d71] output=Title is matching: actiTIME - Login]]]>
              </value>
            </param>
          </params>
          <reporter-output>
          </reporter-output>
        </test-method> <!-- postCondtion -->
      </class> <!-- com.actitime.tests.VerifyBuildNumberTest -->
    </test> <!-- Default test -->
  </suite> <!-- Default suite -->
</testng-results>
